<?xml version="1.0" encoding="UTF-8"?>
<!-- Generated by org.testng.reporters.JUnitReportReporter -->
<testsuite hostname="Saniya" failures="0" tests="3" name="Crossbrowser.CrossBrowserTest" time="263.481" errors="0" timestamp="2024-10-22T13:07:22 IST" skipped="0">
  <testcase classname="Crossbrowser.CrossBrowserTest" name="gfgTest" time="54.187"/>
  <testcase classname="Crossbrowser.CrossBrowserTest" name="gfgTest" time="91.668"/>
  <testcase classname="Crossbrowser.CrossBrowserTest" name="gfgTest" time="117.626"/>
</testsuite> <!-- Crossbrowser.CrossBrowserTest -->
